[0m22:12:02.857521 [debug] [MainThread]: Sending event: {'category': 'dbt', 'action': 'invocation', 'label': 'start', 'context': [<snowplow_tracker.self_describing_json.SelfDescribingJson object at 0x00000288D30E3160>, <snowplow_tracker.self_describing_json.SelfDescribingJson object at 0x00000288D5A4F1C0>, <snowplow_tracker.self_describing_json.SelfDescribingJson object at 0x00000288D5A4F820>]}


============================== 22:12:02.857521 | 6967fa1e-6b26-451d-a3b0-186ee9e91ee6 ==============================
[0m22:12:02.857521 [info ] [MainThread]: Running with dbt=1.8.6
[0m22:12:02.857521 [debug] [MainThread]: running dbt with arguments {'printer_width': '80', 'indirect_selection': 'eager', 'log_cache_events': 'False', 'write_json': 'True', 'partial_parse': 'True', 'cache_selected_only': 'False', 'profiles_dir': 'C:\\Users\\iuri.silva\\.dbt', 'fail_fast': 'False', 'version_check': 'True', 'log_path': 'logs', 'debug': 'False', 'warn_error': 'None', 'use_colors': 'True', 'use_experimental_parser': 'False', 'no_print': 'None', 'quiet': 'False', 'empty': 'None', 'warn_error_options': 'WarnErrorOptions(include=[], exclude=[])', 'invocation_command': 'dbt init vendas_dbt', 'log_format': 'default', 'introspect': 'True', 'target_path': 'None', 'static_parser': 'True', 'send_anonymous_usage_stats': 'True'}
[0m22:12:02.888877 [warn ] [MainThread]: [ConfigFolderDirectory]: Unable to parse dict {'dir': WindowsPath('C:/Users/iuri.silva/.dbt')}
[0m22:12:02.888877 [info ] [MainThread]: Creating dbt configuration folder at 
[0m22:12:02.899886 [debug] [MainThread]: Starter project path: C:\Users\iuri.silva\dataware\.venv\lib\site-packages\dbt\include\starter_project
[0m22:12:02.969100 [info ] [MainThread]: 
Your new dbt project "vendas_dbt" was created!

For more information on how to configure the profiles.yml file,
please consult the dbt documentation here:

  https://docs.getdbt.com/docs/configure-your-profile

One more thing:

Need help? Don't hesitate to reach out to us via GitHub issues or on Slack:

  https://community.getdbt.com/

Happy modeling!

[0m22:12:02.969100 [info ] [MainThread]: Setting up your profile.
[0m22:15:00.093905 [info ] [MainThread]: Profile vendas_dbt written to C:\Users\iuri.silva\.dbt\profiles.yml using target's profile_template.yml and your supplied values. Run 'dbt debug' to validate the connection.
[0m22:15:00.093905 [debug] [MainThread]: Command `dbt init` succeeded at 22:15:00.093905 after 177.34 seconds
[0m22:15:00.093905 [debug] [MainThread]: Sending event: {'category': 'dbt', 'action': 'invocation', 'label': 'end', 'context': [<snowplow_tracker.self_describing_json.SelfDescribingJson object at 0x00000288D30E3160>, <snowplow_tracker.self_describing_json.SelfDescribingJson object at 0x00000288D5ACED10>, <snowplow_tracker.self_describing_json.SelfDescribingJson object at 0x00000288D2E68D00>]}
[0m22:15:00.093905 [debug] [MainThread]: Flushing usage events
